<?xml version="1.0" encoding="utf-8"?><testsuites name="pytest tests"><testsuite name="pytest" errors="0" failures="0" skipped="0" tests="13" time="102.139" timestamp="2026-06-27T18:24:16.537437+00:00" hostname="agent-env-1a8bfae4-07b3-46a5-9b04-4b2500dec544"><testcase classname="backend.tests.test_dispatch_flow.TestOtpFallback" name="test_request_otp_unknown_email_returns_dev_otp" time="0.778" /><testcase classname="backend.tests.test_dispatch_flow.TestOtpFallback" name="test_request_otp_resend_account_email_no_dev_otp" time="0.739" /><testcase classname="backend.tests.test_dispatch_flow.TestOtpFallback" name="test_verify_otp_with_fallback_dev_otp_succeeds" time="2.206" /><testcase classname="backend.tests.test_dispatch_flow.TestOtpFallback" name="test_request_otp_rate_limit_30s" time="1.051" /><testcase classname="backend.tests.test_dispatch_flow.TestDispatchOffer" name="test_booking_dispatches_to_online_tech_with_offer" time="8.117" /><testcase classname="backend.tests.test_dispatch_flow.TestDispatchOffer" name="test_technician_offer_endpoint_visibility" time="10.635" /><testcase classname="backend.tests.test_dispatch_flow.TestDispatchOffer" name="test_offer_accept_sets_accepted_state" time="8.914" /><testcase classname="backend.tests.test_dispatch_flow.TestDispatchOffer" name="test_offer_reject_records_and_redispatches" time="10.713" /><testcase classname="backend.tests.test_dispatch_flow.TestDispatchOffer" name="test_re_dispatch_after_quit_to_second_tech" time="16.495" /><testcase classname="backend.tests.test_dispatch_flow.TestDispatchOffer" name="test_quit_forbidden_for_other_tech" time="11.790" /><testcase classname="backend.tests.test_dispatch_flow.TestDispatchOffer" name="test_delay_updates_eta_and_fields" time="9.869" /><testcase classname="backend.tests.test_dispatch_flow.TestDispatchOffer" name="test_gps_location_update_propagates_to_active_bookings" time="10.070" /><testcase classname="backend.tests.test_dispatch_flow.TestWebSocketDispatch" name="test_ws_delay_broadcast" time="10.699" /></testsuite></testsuites>