<?xml version="1.0" encoding="utf-8"?><testsuites name="pytest tests"><testsuite name="pytest" errors="0" failures="0" skipped="0" tests="10" time="138.130" timestamp="2026-06-27T18:37:41.377055+00:00" hostname="agent-env-1a8bfae4-07b3-46a5-9b04-4b2500dec544"><testcase classname="backend.tests.test_multicast_dispatch.TestMulticastDispatch" name="test_broadcast_to_nearby_only" time="21.698" /><testcase classname="backend.tests.test_multicast_dispatch.TestMulticastDispatch" name="test_offer_visibility_per_tech" time="22.092" /><testcase classname="backend.tests.test_multicast_dispatch.TestFCFS" name="test_first_accept_wins_second_gets_409" time="16.665" /><testcase classname="backend.tests.test_multicast_dispatch.TestRejectFlow" name="test_single_reject_keeps_dispatching_for_others" time="16.677" /><testcase classname="backend.tests.test_multicast_dispatch.TestRejectFlow" name="test_all_reject_triggers_redispatch" time="18.635" /><testcase classname="backend.tests.test_multicast_dispatch.TestRadiusExclusion" name="test_tech_beyond_8km_excluded" time="10.638" /><testcase classname="backend.tests.test_multicast_dispatch.TestGpsPropagation" name="test_gps_update_broadcasts_location_message" time="11.437" /><testcase classname="backend.tests.test_multicast_dispatch.TestOtpFallbackStillWorks" name="test_unknown_email_dev_otp_returned" time="2.283" /><testcase classname="backend.tests.test_multicast_dispatch.TestOtpFallbackStillWorks" name="test_rate_limit_30s" time="1.111" /><testcase classname="backend.tests.test_multicast_dispatch.TestStatusFlowAndEarnings" name="test_completed_credits_85_percent" time="16.789" /></testsuite></testsuites>