<?xml version="1.0" encoding="utf-8"?><testsuites name="pytest tests"><testsuite name="pytest" errors="0" failures="0" skipped="0" tests="21" time="72.022" timestamp="2026-06-25T09:11:53.874194+00:00" hostname="agent-env-1a8bfae4-07b3-46a5-9b04-4b2500dec544"><testcase classname="backend.tests.test_fixo_backend.TestHealthAndServices" name="test_health" time="0.118" /><testcase classname="backend.tests.test_fixo_backend.TestHealthAndServices" name="test_list_services_returns_8" time="0.089" /><testcase classname="backend.tests.test_fixo_backend.TestAuthOtp" name="test_request_otp_dev_otp_present" time="0.092" /><testcase classname="backend.tests.test_fixo_backend.TestAuthOtp" name="test_request_otp_rate_limit_30s" time="0.180" /><testcase classname="backend.tests.test_fixo_backend.TestAuthOtp" name="test_verify_otp_invalid_returns_400" time="0.188" /><testcase classname="backend.tests.test_fixo_backend.TestAuthOtp" name="test_verify_otp_no_request_returns_400" time="0.091" /><testcase classname="backend.tests.test_fixo_backend.TestAuthOtp" name="test_otp_5_wrong_attempts_returns_429" time="0.673" /><testcase classname="backend.tests.test_fixo_backend.TestAuthOtp" name="test_verify_otp_success_returns_token_and_user" time="0.192" /><testcase classname="backend.tests.test_fixo_backend.TestAuthOtp" name="test_auth_me_returns_user" time="0.338" /><testcase classname="backend.tests.test_fixo_backend.TestAuthOtp" name="test_login_with_different_role_fails" time="31.420" /><testcase classname="backend.tests.test_fixo_backend.TestBookings" name="test_create_booking_requires_auth" time="0.202" /><testcase classname="backend.tests.test_fixo_backend.TestBookings" name="test_technician_cannot_book" time="0.373" /><testcase classname="backend.tests.test_fixo_backend.TestBookings" name="test_customer_create_booking_auto_assigns" time="0.297" /><testcase classname="backend.tests.test_fixo_backend.TestBookings" name="test_booking_status_flow_credits_technician" time="1.135" /><testcase classname="backend.tests.test_fixo_backend.TestReferralAndWallet" name="test_referral_endpoint" time="0.295" /><testcase classname="backend.tests.test_fixo_backend.TestReferralAndWallet" name="test_referral_signup_credits_new_user" time="0.611" /><testcase classname="backend.tests.test_fixo_backend.TestReferralAndWallet" name="test_self_referral_prevented" time="0.468" /><testcase classname="backend.tests.test_fixo_backend.TestReferralAndWallet" name="test_referrer_paid_only_once" time="33.118" /><testcase classname="backend.tests.test_fixo_backend.TestTechnician" name="test_availability_and_location" time="0.381" /><testcase classname="backend.tests.test_fixo_backend.TestTechnician" name="test_earnings_endpoint" time="0.290" /><testcase classname="backend.tests.test_fixo_backend.TestWebSocket" name="test_ws_initial_status" time="1.371" /></testsuite></testsuites>